{"TenantId":"00000000-0000-0000-0000-000000000000","SourceSystem":"OpsManager","TimeGenerated":"2021-08-02T13:11:54.587Z","Computer":"DC01.simulandlabs.com","EventID":4624,"MG":"00000000-0000-0000-0000-000000000001","ManagementGroupName":"AOI-00000000-0000-0000-0000-000000000000","Type":"SecurityEvent","_ResourceId":"/subscriptions/00000000-0000-0000-0000-000000000000/resourcegroups/azhybrid/providers/microsoft.compute/virtualmachines/dc01","ProcessId_string":"0x0","LogonGuid_string":"73969297-3475-37ab-4f01-3654d1f9b922","Account":"SIMULANDLABS.COM\\cjones","AccountType":"User","EventSourceName":"Microsoft-Windows-Security-Auditing","Channel":"Security","Task":12544,"Level":"8","Activity":"4624 - An account was successfully logged on.","AuthenticationPackageName":"Kerberos","ElevatedToken":"%%1842","ImpersonationLevel":"%%1833","IpAddress":"fe80::1d35:28c0:59d6:6862","IpPort":"58762","LmPackageName":"-","LogonProcessName":"Kerberos","LogonType":3,"LogonTypeName":"3 - Network","Process":"-","ProcessName":"-","RestrictedAdminMode":"-","SubjectAccount":"-\\-","SubjectDomainName":"-","SubjectLogonId":"0x0","SubjectUserName":"-","SubjectUserSid":"S-1-0-0","TargetAccount":"SIMULANDLABS.COM\\cjones","TargetDomainName":"SIMULANDLABS.COM","TargetLinkedLogonId":"0x0","TargetLogonId":"0x8f0f4496","TargetOutboundDomainName":"-","TargetOutboundUserName":"-","TargetUserName":"cjones","TargetUserSid":"S-1-5-21-2490359158-13971675-3780420524-1106","TransmittedServices":"-","VirtualAccount":"%%1843","WorkstationName":"-","SourceComputerId":"0c7a8afd-2d56-4cb2-8e41-8644b4f05d8c","EventOriginId":"d412bd3c-b079-4d4d-88f2-2257596df25c","TimeCollected":"2021-08-02T13:11:56.243Z"},
{"TenantId":"00000000-0000-0000-0000-000000000000","SourceSystem":"OpsManager","TimeGenerated":"2021-08-02T13:12:55.12Z","Computer":"DC01.simulandlabs.com","EventID":4624,"MG":"00000000-0000-0000-0000-000000000001","ManagementGroupName":"AOI-00000000-0000-0000-0000-000000000000","Type":"SecurityEvent","_ResourceId":"/subscriptions/00000000-0000-0000-0000-000000000000/resourcegroups/azhybrid/providers/microsoft.compute/virtualmachines/dc01","ProcessId_string":"0x0","LogonGuid_string":"189f3144-d352-e54d-f394-a78b36f77eab","Account":"SIMULANDLABS.COM\\adfsadmin","AccountType":"User","EventSourceName":"Microsoft-Windows-Security-Auditing","Channel":"Security","Task":12544,"Level":"8","Activity":"4624 - An account was successfully logged on.","AuthenticationPackageName":"Kerberos","ElevatedToken":"%%1842","ImpersonationLevel":"%%1833","IpAddress":"192.168.2.5","IpPort":"53156","LmPackageName":"-","LogonProcessName":"Kerberos","LogonType":3,"LogonTypeName":"3 - Network","Process":"-","ProcessName":"-","RestrictedAdminMode":"-","SubjectAccount":"-\\-","SubjectDomainName":"-","SubjectLogonId":"0x0","SubjectUserName":"-","SubjectUserSid":"S-1-0-0","TargetAccount":"SIMULANDLABS.COM\\adfsadmin","TargetDomainName":"SIMULANDLABS.COM","TargetLinkedLogonId":"0x0","TargetLogonId":"0x8f102237","TargetOutboundDomainName":"-","TargetOutboundUserName":"-","TargetUserName":"adfsadmin","TargetUserSid":"S-1-5-21-2490359158-13971675-3780420524-1103","TransmittedServices":"-","VirtualAccount":"%%1843","WorkstationName":"-","SourceComputerId":"0c7a8afd-2d56-4cb2-8e41-8644b4f05d8c","EventOriginId":"d3b4624b-7a64-4994-a908-4df65cfe57c0","TimeCollected":"2021-08-02T13:13:12.291Z"},
{"TenantId":"00000000-0000-0000-0000-000000000000","SourceSystem":"OpsManager","TimeGenerated":"2021-08-02T13:13:10.997Z","Computer":"DC01.simulandlabs.com","EventID":4624,"MG":"00000000-0000-0000-0000-000000000001","ManagementGroupName":"AOI-00000000-0000-0000-0000-000000000000","Type":"SecurityEvent","_ResourceId":"/subscriptions/00000000-0000-0000-0000-000000000000/resourcegroups/azhybrid/providers/microsoft.compute/virtualmachines/dc01","ProcessId_string":"0x0","LogonGuid_string":"bd2dda1b-862a-504f-2260-d9d2ed316e26","Account":"SIMULANDLABS.COM\\wardog","AccountType":"User","EventSourceName":"Microsoft-Windows-Security-Auditing","Channel":"Security","Task":12544,"Level":"8","Activity":"4624 - An account was successfully logged on.","AuthenticationPackageName":"Kerberos","ElevatedToken":"%%1842","ImpersonationLevel":"%%1833","IpAddress":"192.168.2.5","IpPort":"53159","LmPackageName":"-","LogonProcessName":"Kerberos","LogonType":3,"LogonTypeName":"3 - Network","Process":"-","ProcessName":"-","RestrictedAdminMode":"-","SubjectAccount":"-\\-","SubjectDomainName":"-","SubjectLogonId":"0x0","SubjectUserName":"-","SubjectUserSid":"S-1-0-0","TargetAccount":"SIMULANDLABS.COM\\wardog","TargetDomainName":"SIMULANDLABS.COM","TargetLinkedLogonId":"0x0","TargetLogonId":"0x8f105095","TargetOutboundDomainName":"-","TargetOutboundUserName":"-","TargetUserName":"wardog","TargetUserSid":"S-1-5-21-2490359158-13971675-3780420524-500","TransmittedServices":"-","VirtualAccount":"%%1843","WorkstationName":"-","SourceComputerId":"0c7a8afd-2d56-4cb2-8e41-8644b4f05d8c","EventOriginId":"46ce5b07-6510-4f51-814b-117f07419993","TimeCollected":"2021-08-02T13:13:12.291Z"},
{"TenantId":"00000000-0000-0000-0000-000000000000","SourceSystem":"OpsManager","TimeGenerated":"2021-08-02T13:13:11.987Z","Computer":"DC01.simulandlabs.com","EventID":4624,"MG":"00000000-0000-0000-0000-000000000001","ManagementGroupName":"AOI-00000000-0000-0000-0000-000000000000","Type":"SecurityEvent","_ResourceId":"/subscriptions/00000000-0000-0000-0000-000000000000/resourcegroups/azhybrid/providers/microsoft.compute/virtualmachines/dc01","ProcessId_string":"0x0","LogonGuid_string":"73969297-3475-37ab-4f01-3654d1f9b922","Account":"SIMULANDLABS.COM\\cjones","AccountType":"User","EventSourceName":"Microsoft-Windows-Security-Auditing","Channel":"Security","Task":12544,"Level":"8","Activity":"4624 - An account was successfully logged on.","AuthenticationPackageName":"Kerberos","ElevatedToken":"%%1842","ImpersonationLevel":"%%1833","IpAddress":"fe80::1d35:28c0:59d6:6862","IpPort":"58778","LmPackageName":"-","LogonProcessName":"Kerberos","LogonType":3,"LogonTypeName":"3 - Network","Process":"-","ProcessName":"-","RestrictedAdminMode":"-","SubjectAccount":"-\\-","SubjectDomainName":"-","SubjectLogonId":"0x0","SubjectUserName":"-","SubjectUserSid":"S-1-0-0","TargetAccount":"SIMULANDLABS.COM\\cjones","TargetDomainName":"SIMULANDLABS.COM","TargetLinkedLogonId":"0x0","TargetLogonId":"0x8f105127","TargetOutboundDomainName":"-","TargetOutboundUserName":"-","TargetUserName":"cjones","TargetUserSid":"S-1-5-21-2490359158-13971675-3780420524-1106","TransmittedServices":"-","VirtualAccount":"%%1843","WorkstationName":"-","SourceComputerId":"0c7a8afd-2d56-4cb2-8e41-8644b4f05d8c","EventOriginId":"7da8bfa8-e28f-4b03-876d-353ab80e9acb","TimeCollected":"2021-08-02T13:13:21.248Z"},
{"TenantId":"00000000-0000-0000-0000-000000000000","SourceSystem":"OpsManager","TimeGenerated":"2021-08-02T13:13:11.99Z","Computer":"DC01.simulandlabs.com","EventID":4624,"MG":"00000000-0000-0000-0000-000000000001","ManagementGroupName":"AOI-00000000-0000-0000-0000-000000000000","Type":"SecurityEvent","_ResourceId":"/subscriptions/00000000-0000-0000-0000-000000000000/resourcegroups/azhybrid/providers/microsoft.compute/virtualmachines/dc01","ProcessId_string":"0x0","LogonGuid_string":"73969297-3475-37ab-4f01-3654d1f9b922","Account":"SIMULANDLABS.COM\\cjones","AccountType":"User","EventSourceName":"Microsoft-Windows-Security-Auditing","Channel":"Security","Task":12544,"Level":"8","Activity":"4624 - An account was successfully logged on.","AuthenticationPackageName":"Kerberos","ElevatedToken":"%%1842","ImpersonationLevel":"%%1833","IpAddress":"fe80::1d35:28c0:59d6:6862","IpPort":"58779","LmPackageName":"-","LogonProcessName":"Kerberos","LogonType":3,"LogonTypeName":"3 - Network","Process":"-","ProcessName":"-","RestrictedAdminMode":"-","SubjectAccount":"-\\-","SubjectDomainName":"-","SubjectLogonId":"0x0","SubjectUserName":"-","SubjectUserSid":"S-1-0-0","TargetAccount":"SIMULANDLABS.COM\\cjones","TargetDomainName":"SIMULANDLABS.COM","TargetLinkedLogonId":"0x0","TargetLogonId":"0x8f10516a","TargetOutboundDomainName":"-","TargetOutboundUserName":"-","TargetUserName":"cjones","TargetUserSid":"S-1-5-21-2490359158-13971675-3780420524-1106","TransmittedServices":"-","VirtualAccount":"%%1843","WorkstationName":"-","SourceComputerId":"0c7a8afd-2d56-4cb2-8e41-8644b4f05d8c","EventOriginId":"5acda2d6-7a40-4a90-aa8b-14cc8cb490c3","TimeCollected":"2021-08-02T13:13:21.248Z"},
{"TenantId":"00000000-0000-0000-0000-000000000000","SourceSystem":"OpsManager","TimeGenerated":"2021-08-02T13:13:11.993Z","Computer":"DC01.simulandlabs.com","EventID":4624,"MG":"00000000-0000-0000-0000-000000000001","ManagementGroupName":"AOI-00000000-0000-0000-0000-000000000000","Type":"SecurityEvent","_ResourceId":"/subscriptions/00000000-0000-0000-0000-000000000000/resourcegroups/azhybrid/providers/microsoft.compute/virtualmachines/dc01","ProcessId_string":"0x0","LogonGuid_string":"73969297-3475-37ab-4f01-3654d1f9b922","Account":"SIMULANDLABS.COM\\cjones","AccountType":"User","EventSourceName":"Microsoft-Windows-Security-Auditing","Channel":"Security","Task":12544,"Level":"8","Activity":"4624 - An account was successfully logged on.","AuthenticationPackageName":"Kerberos","ElevatedToken":"%%1842","ImpersonationLevel":"%%1833","IpAddress":"fe80::1d35:28c0:59d6:6862","IpPort":"58780","LmPackageName":"-","LogonProcessName":"Kerberos","LogonType":3,"LogonTypeName":"3 - Network","Process":"-","ProcessName":"-","RestrictedAdminMode":"-","SubjectAccount":"-\\-","SubjectDomainName":"-","SubjectLogonId":"0x0","SubjectUserName":"-","SubjectUserSid":"S-1-0-0","TargetAccount":"SIMULANDLABS.COM\\cjones","TargetDomainName":"SIMULANDLABS.COM","TargetLinkedLogonId":"0x0","TargetLogonId":"0x8f105195","TargetOutboundDomainName":"-","TargetOutboundUserName":"-","TargetUserName":"cjones","TargetUserSid":"S-1-5-21-2490359158-13971675-3780420524-1106","TransmittedServices":"-","VirtualAccount":"%%1843","WorkstationName":"-","SourceComputerId":"0c7a8afd-2d56-4cb2-8e41-8644b4f05d8c","EventOriginId":"fe9fd7b1-ceb1-4b8d-a38f-ede9f320349f","TimeCollected":"2021-08-02T13:13:21.248Z"},
{"TenantId":"00000000-0000-0000-0000-000000000000","SourceSystem":"OpsManager","TimeGenerated":"2021-08-02T13:13:29.373Z","Computer":"DC01.simulandlabs.com","EventID":4624,"MG":"00000000-0000-0000-0000-000000000001","ManagementGroupName":"AOI-00000000-0000-0000-0000-000000000000","Type":"SecurityEvent","_ResourceId":"/subscriptions/00000000-0000-0000-0000-000000000000/resourcegroups/azhybrid/providers/microsoft.compute/virtualmachines/dc01","ProcessId_string":"0x0","LogonGuid_string":"00000000-0000-0000-0000-000000000000","Account":"SIMULANDLABS\\pgustavo","AccountType":"User","EventSourceName":"Microsoft-Windows-Security-Auditing","Channel":"Security","Task":12544,"Level":"8","Activity":"4624 - An account was successfully logged on.","AuthenticationPackageName":"NTLM","ElevatedToken":"%%1842","ImpersonationLevel":"%%1833","IpAddress":"192.168.2.5","IpPort":"53163","KeyLength":128,"LmPackageName":"NTLM V1","LogonProcessName":"NtLmSsp ","LogonType":3,"LogonTypeName":"3 - Network","Process":"-","ProcessName":"-","RestrictedAdminMode":"-","SubjectAccount":"-\\-","SubjectDomainName":"-","SubjectLogonId":"0x0","SubjectUserName":"-","SubjectUserSid":"S-1-0-0","TargetAccount":"SIMULANDLABS\\pgustavo","TargetDomainName":"SIMULANDLABS","TargetLinkedLogonId":"0x0","TargetLogonId":"0x8f107008","TargetOutboundDomainName":"-","TargetOutboundUserName":"-","TargetUserName":"pgustavo","TargetUserSid":"S-1-5-21-2490359158-13971675-3780420524-1105","TransmittedServices":"-","VirtualAccount":"%%1843","WorkstationName":"ADFS01","SourceComputerId":"0c7a8afd-2d56-4cb2-8e41-8644b4f05d8c","EventOriginId":"2d331101-d313-4e29-8ed7-fd70dcc1495f","TimeCollected":"2021-08-02T13:13:40.288Z"},
{"TenantId":"00000000-0000-0000-0000-000000000000","SourceSystem":"OpsManager","TimeGenerated":"2021-08-02T13:13:29.4Z","Computer":"DC01.simulandlabs.com","EventID":4624,"MG":"00000000-0000-0000-0000-000000000001","ManagementGroupName":"AOI-00000000-0000-0000-0000-000000000000","Type":"SecurityEvent","_ResourceId":"/subscriptions/00000000-0000-0000-0000-000000000000/resourcegroups/azhybrid/providers/microsoft.compute/virtualmachines/dc01","ProcessId_string":"0x0","LogonGuid_string":"73969297-3475-37ab-4f01-3654d1f9b922","Account":"SIMULANDLABS.COM\\cjones","AccountType":"User","EventSourceName":"Microsoft-Windows-Security-Auditing","Channel":"Security","Task":12544,"Level":"8","Activity":"4624 - An account was successfully logged on.","AuthenticationPackageName":"Kerberos","ElevatedToken":"%%1842","ImpersonationLevel":"%%1833","IpAddress":"fe80::1d35:28c0:59d6:6862","IpPort":"58785","LmPackageName":"-","LogonProcessName":"Kerberos","LogonType":3,"LogonTypeName":"3 - Network","Process":"-","ProcessName":"-","RestrictedAdminMode":"-","SubjectAccount":"-\\-","SubjectDomainName":"-","SubjectLogonId":"0x0","SubjectUserName":"-","SubjectUserSid":"S-1-0-0","TargetAccount":"SIMULANDLABS.COM\\cjones","TargetDomainName":"SIMULANDLABS.COM","TargetLinkedLogonId":"0x0","TargetLogonId":"0x8f107035","TargetOutboundDomainName":"-","TargetOutboundUserName":"-","TargetUserName":"cjones","TargetUserSid":"S-1-5-21-2490359158-13971675-3780420524-1106","TransmittedServices":"-","VirtualAccount":"%%1843","WorkstationName":"-","SourceComputerId":"0c7a8afd-2d56-4cb2-8e41-8644b4f05d8c","EventOriginId":"078133c8-a75b-4002-be85-6bd4c017ab0b","TimeCollected":"2021-08-02T13:13:40.288Z"},
{"TenantId":"00000000-0000-0000-0000-000000000000","SourceSystem":"OpsManager","TimeGenerated":"2021-08-02T13:15:30.443Z","Computer":"DC01.simulandlabs.com","EventID":4624,"MG":"00000000-0000-0000-0000-000000000001","ManagementGroupName":"AOI-00000000-0000-0000-0000-000000000000","Type":"SecurityEvent","_ResourceId":"/subscriptions/00000000-0000-0000-0000-000000000000/resourcegroups/azhybrid/providers/microsoft.compute/virtualmachines/dc01","ProcessId_string":"0x0","LogonGuid_string":"f2db21f8-b14f-313b-f1a1-d7a38371a3e7","Account":"SIMULANDLABS.COM\\wardog","AccountType":"User","EventSourceName":"Microsoft-Windows-Security-Auditing","Channel":"Security","Task":12544,"Level":"8","Activity":"4624 - An account was successfully logged on.","AuthenticationPackageName":"Kerberos","ElevatedToken":"%%1842","ImpersonationLevel":"%%1833","IpAddress":"192.168.2.5","IpPort":"53182","LmPackageName":"-","LogonProcessName":"Kerberos","LogonType":3,"LogonTypeName":"3 - Network","Process":"-","ProcessName":"-","RestrictedAdminMode":"-","SubjectAccount":"-\\-","SubjectDomainName":"-","SubjectLogonId":"0x0","SubjectUserName":"-","SubjectUserSid":"S-1-0-0","TargetAccount":"SIMULANDLABS.COM\\wardog","TargetDomainName":"SIMULANDLABS.COM","TargetLinkedLogonId":"0x0","TargetLogonId":"0x8f1148dd","TargetOutboundDomainName":"-","TargetOutboundUserName":"-","TargetUserName":"wardog","TargetUserSid":"S-1-5-21-2490359158-13971675-3780420524-500","TransmittedServices":"-","VirtualAccount":"%%1843","WorkstationName":"-","SourceComputerId":"0c7a8afd-2d56-4cb2-8e41-8644b4f05d8c","EventOriginId":"6d97271b-2616-472b-882d-ac2929277147","TimeCollected":"2021-08-02T13:15:39.251Z"},
{"TenantId":"00000000-0000-0000-0000-000000000000","SourceSystem":"OpsManager","TimeGenerated":"2021-08-02T13:32:54.223Z","Computer":"DC01.simulandlabs.com","EventID":4624,"MG":"00000000-0000-0000-0000-000000000001","ManagementGroupName":"AOI-00000000-0000-0000-0000-000000000000","Type":"SecurityEvent","_ResourceId":"/subscriptions/00000000-0000-0000-0000-000000000000/resourcegroups/azhybrid/providers/microsoft.compute/virtualmachines/dc01","ProcessId_string":"0xaa4","LogonGuid_string":"e4f54147-2578-4c72-4d93-80936b0a9042","Account":"SIMULANDLABS\\cjones","AccountType":"User","EventSourceName":"Microsoft-Windows-Security-Auditing","Channel":"Security","Task":12544,"Level":"8","Activity":"4624 - An account was successfully logged on.","AuthenticationPackageName":"Negotiate","ElevatedToken":"%%1842","ImpersonationLevel":"%%1833","IpAddress":"-","IpPort":"-","LmPackageName":"-","LogonProcessName":"Advapi  ","LogonType":3,"LogonTypeName":"3 - Network","Process":"Microsoft.Tri.Sensor.exe","ProcessName":"C:\\Program Files\\Azure Advanced Threat Protection Sensor\\2.156.14310.28897\\Microsoft.Tri.Sensor.exe","RestrictedAdminMode":"-","SubjectAccount":"NT AUTHORITY\\LOCAL SERVICE","SubjectDomainName":"NT AUTHORITY","SubjectLogonId":"0x3e5","SubjectUserName":"LOCAL SERVICE","SubjectUserSid":"S-1-5-19","TargetAccount":"SIMULANDLABS\\cjones","TargetDomainName":"SIMULANDLABS","TargetLinkedLogonId":"0x0","TargetLogonId":"0x8f1c6c03","TargetOutboundDomainName":"-","TargetOutboundUserName":"-","TargetUserName":"cjones","TargetUserSid":"S-1-5-21-2490359158-13971675-3780420524-1106","TransmittedServices":"-","VirtualAccount":"%%1843","WorkstationName":"DC01","SourceComputerId":"0c7a8afd-2d56-4cb2-8e41-8644b4f05d8c","EventOriginId":"b361b5a6-d549-469e-af88-e9b30a4917f8","TimeCollected":"2021-08-02T13:32:55.349Z"},
{"TenantId":"00000000-0000-0000-0000-000000000000","SourceSystem":"OpsManager","TimeGenerated":"2021-08-02T13:32:54.267Z","Computer":"ADFS01.simulandlabs.com","EventID":4624,"MG":"00000000-0000-0000-0000-000000000001","ManagementGroupName":"AOI-00000000-0000-0000-0000-000000000000","Type":"SecurityEvent","_ResourceId":"/subscriptions/00000000-0000-0000-0000-000000000000/resourcegroups/azhybrid/providers/microsoft.compute/virtualmachines/adfs01","ProcessId_string":"0x0","LogonGuid_string":"60dfb62d-482d-7f19-f3eb-b42169cf45d2","Account":"SIMULANDLABS.COM\\cjones","AccountType":"User","EventSourceName":"Microsoft-Windows-Security-Auditing","Channel":"Security","Task":12544,"Level":"8","Activity":"4624 - An account was successfully logged on.","AuthenticationPackageName":"Kerberos","ElevatedToken":"%%1842","ImpersonationLevel":"%%1833","IpAddress":"192.168.2.4","IpPort":"59014","LmPackageName":"-","LogonProcessName":"Kerberos","LogonType":3,"LogonTypeName":"3 - Network","Process":"-","ProcessName":"-","RestrictedAdminMode":"-","SubjectAccount":"-\\-","SubjectDomainName":"-","SubjectLogonId":"0x0","SubjectUserName":"-","SubjectUserSid":"S-1-0-0","TargetAccount":"SIMULANDLABS.COM\\cjones","TargetDomainName":"SIMULANDLABS.COM","TargetLinkedLogonId":"0x0","TargetLogonId":"0x51296bb8","TargetOutboundDomainName":"-","TargetOutboundUserName":"-","TargetUserName":"cjones","TargetUserSid":"S-1-5-21-2490359158-13971675-3780420524-1106","TransmittedServices":"-","VirtualAccount":"%%1843","WorkstationName":"-","SourceComputerId":"00000000-0000-0000-0000-000000000000","EventOriginId":"6fa377f7-9697-4d8b-83b1-a4c0bc0a8a69","TimeCollected":"2021-08-02T13:32:55.423Z"},
{"TenantId":"00000000-0000-0000-0000-000000000000","SourceSystem":"OpsManager","TimeGenerated":"2021-08-02T13:32:54.277Z","Computer":"ADFS01.simulandlabs.com","EventID":4624,"MG":"00000000-0000-0000-0000-000000000001","ManagementGroupName":"AOI-00000000-0000-0000-0000-000000000000","Type":"SecurityEvent","_ResourceId":"/subscriptions/00000000-0000-0000-0000-000000000000/resourcegroups/azhybrid/providers/microsoft.compute/virtualmachines/adfs01","ProcessId_string":"0x0","LogonGuid_string":"60dfb62d-482d-7f19-f3eb-b42169cf45d2","Account":"SIMULANDLABS.COM\\cjones","AccountType":"User","EventSourceName":"Microsoft-Windows-Security-Auditing","Channel":"Security","Task":12544,"Level":"8","Activity":"4624 - An account was successfully logged on.","AuthenticationPackageName":"Kerberos","ElevatedToken":"%%1842","ImpersonationLevel":"%%1833","IpAddress":"192.168.2.4","IpPort":"59015","LmPackageName":"-","LogonProcessName":"Kerberos","LogonType":3,"LogonTypeName":"3 - Network","Process":"-","ProcessName":"-","RestrictedAdminMode":"-","SubjectAccount":"-\\-","SubjectDomainName":"-","SubjectLogonId":"0x0","SubjectUserName":"-","SubjectUserSid":"S-1-0-0","TargetAccount":"SIMULANDLABS.COM\\cjones","TargetDomainName":"SIMULANDLABS.COM","TargetLinkedLogonId":"0x0","TargetLogonId":"0x51296c0c","TargetOutboundDomainName":"-","TargetOutboundUserName":"-","TargetUserName":"cjones","TargetUserSid":"S-1-5-21-2490359158-13971675-3780420524-1106","TransmittedServices":"-","VirtualAccount":"%%1843","WorkstationName":"-","SourceComputerId":"00000000-0000-0000-0000-000000000000","EventOriginId":"ac73bd9d-d937-46d8-be0f-d4c666676fe5","TimeCollected":"2021-08-02T13:32:55.423Z"},
{"TenantId":"00000000-0000-0000-0000-000000000000","SourceSystem":"OpsManager","TimeGenerated":"2021-08-02T13:32:54.277Z","Computer":"ADFS01.simulandlabs.com","EventID":4624,"MG":"00000000-0000-0000-0000-000000000001","ManagementGroupName":"AOI-00000000-0000-0000-0000-000000000000","Type":"SecurityEvent","_ResourceId":"/subscriptions/00000000-0000-0000-0000-000000000000/resourcegroups/azhybrid/providers/microsoft.compute/virtualmachines/adfs01","ProcessId_string":"0x0","LogonGuid_string":"60dfb62d-482d-7f19-f3eb-b42169cf45d2","Account":"SIMULANDLABS.COM\\cjones","AccountType":"User","EventSourceName":"Microsoft-Windows-Security-Auditing","Channel":"Security","Task":12544,"Level":"8","Activity":"4624 - An account was successfully logged on.","AuthenticationPackageName":"Kerberos","ElevatedToken":"%%1842","ImpersonationLevel":"%%1833","IpAddress":"192.168.2.4","IpPort":"59016","LmPackageName":"-","LogonProcessName":"Kerberos","LogonType":3,"LogonTypeName":"3 - Network","Process":"-","ProcessName":"-","RestrictedAdminMode":"-","SubjectAccount":"-\\-","SubjectDomainName":"-","SubjectLogonId":"0x0","SubjectUserName":"-","SubjectUserSid":"S-1-0-0","TargetAccount":"SIMULANDLABS.COM\\cjones","TargetDomainName":"SIMULANDLABS.COM","TargetLinkedLogonId":"0x0","TargetLogonId":"0x51296c2d","TargetOutboundDomainName":"-","TargetOutboundUserName":"-","TargetUserName":"cjones","TargetUserSid":"S-1-5-21-2490359158-13971675-3780420524-1106","TransmittedServices":"-","VirtualAccount":"%%1843","WorkstationName":"-","SourceComputerId":"00000000-0000-0000-0000-000000000000","EventOriginId":"74f803d7-eed4-48db-ac4a-af4760c571e7","TimeCollected":"2021-08-02T13:32:55.423Z"},
{"TenantId":"00000000-0000-0000-0000-000000000000","SourceSystem":"OpsManager","TimeGenerated":"2021-08-02T13:32:54.28Z","Computer":"ADFS01.simulandlabs.com","EventID":4624,"MG":"00000000-0000-0000-0000-000000000001","ManagementGroupName":"AOI-00000000-0000-0000-0000-000000000000","Type":"SecurityEvent","_ResourceId":"/subscriptions/00000000-0000-0000-0000-000000000000/resourcegroups/azhybrid/providers/microsoft.compute/virtualmachines/adfs01","ProcessId_string":"0x0","LogonGuid_string":"60dfb62d-482d-7f19-f3eb-b42169cf45d2","Account":"SIMULANDLABS.COM\\cjones","AccountType":"User","EventSourceName":"Microsoft-Windows-Security-Auditing","Channel":"Security","Task":12544,"Level":"8","Activity":"4624 - An account was successfully logged on.","AuthenticationPackageName":"Kerberos","ElevatedToken":"%%1842","ImpersonationLevel":"%%1833","IpAddress":"192.168.2.4","IpPort":"59017","LmPackageName":"-","LogonProcessName":"Kerberos","LogonType":3,"LogonTypeName":"3 - Network","Process":"-","ProcessName":"-","RestrictedAdminMode":"-","SubjectAccount":"-\\-","SubjectDomainName":"-","SubjectLogonId":"0x0","SubjectUserName":"-","SubjectUserSid":"S-1-0-0","TargetAccount":"SIMULANDLABS.COM\\cjones","TargetDomainName":"SIMULANDLABS.COM","TargetLinkedLogonId":"0x0","TargetLogonId":"0x51296c3f","TargetOutboundDomainName":"-","TargetOutboundUserName":"-","TargetUserName":"cjones","TargetUserSid":"S-1-5-21-2490359158-13971675-3780420524-1106","TransmittedServices":"-","VirtualAccount":"%%1843","WorkstationName":"-","SourceComputerId":"00000000-0000-0000-0000-000000000000","EventOriginId":"66a0648b-d6cb-4771-a53f-c8d0e0bca313","TimeCollected":"2021-08-02T13:32:55.423Z"}
]
